[INFO  - 2017-03-29T12:36:13.599Z] GhostDriver - Main - running on port 18098
[INFO  - 2017-03-29T12:36:14.939Z] Session [4c744d00-147c-11e7-bd51-0713d2849782] - page.settings - {"XSSAuditingEnabled":false,"javascriptCanCloseWindows":true,"javascriptCanOpenWindows":true,"javascriptEnabled":true,"loadImages":true,"localToRemoteUrlAccessEnabled":false,"userAgent":"Mozilla/5.0 (Windows NT 6.1; WOW64) AppleWebKit/538.1 (KHTML, like Gecko) PhantomJS/2.1.1 Safari/538.1","webSecurityEnabled":true}
[INFO  - 2017-03-29T12:36:14.939Z] Session [4c744d00-147c-11e7-bd51-0713d2849782] - page.customHeaders:  - {}
[INFO  - 2017-03-29T12:36:14.939Z] Session [4c744d00-147c-11e7-bd51-0713d2849782] - Session.negotiatedCapabilities - {"browserName":"phantomjs","version":"2.1.1","driverName":"ghostdriver","driverVersion":"1.2.0","platform":"windows-7-32bit","javascriptEnabled":true,"takesScreenshot":true,"handlesAlerts":false,"databaseEnabled":false,"locationContextEnabled":false,"applicationCacheEnabled":false,"browserConnectionEnabled":false,"cssSelectorsEnabled":true,"webStorageEnabled":false,"rotatable":false,"acceptSslCerts":false,"nativeEvents":true,"proxy":{"proxyType":"direct"}}
[INFO  - 2017-03-29T12:36:14.939Z] SessionManagerReqHand - _postNewSessionCommand - New Session Created: 4c744d00-147c-11e7-bd51-0713d2849782
[INFO  - 2017-03-29T12:41:13.592Z] SessionManagerReqHand - _cleanupWindowlessSessions - Asynchronous Sessions clean-up phase starting NOW
[INFO  - 2017-03-29T12:46:13.596Z] SessionManagerReqHand - _cleanupWindowlessSessions - Asynchronous Sessions clean-up phase starting NOW
[INFO  - 2017-03-29T12:51:13.678Z] SessionManagerReqHand - _cleanupWindowlessSessions - Asynchronous Sessions clean-up phase starting NOW
[INFO  - 2017-03-29T12:56:13.678Z] SessionManagerReqHand - _cleanupWindowlessSessions - Asynchronous Sessions clean-up phase starting NOW
38.1 (KHTML, like Gecko) PhantomJS/2.1.1 Safari/538.1","webSecurityEnabled":true}
[INFO  - 2017-03-29T12:41:17.614Z] Session [00dc6200-147d-11e7-b121-550c7c25d257] - page.customHeaders:  - {}
[INFO  - 2017-03-29T12:41:17.614Z] Session [00dc6200-147d-11e7-b121-550c7c25d257] - Session.negotiatedCapabilities - {"browserName":"phantomjs","version":"2.1.1","driverName":"ghostdriver","driverVersion":"1.2.0","platform":"windows-7-32bit","javascriptEnabled":true,"takesScreenshot":true,"handlesAlerts":false,"databaseEnabled":false,"locationContextEnabled":false,"applicationCacheEnabled":false,"browserConnectionEnabled":false,"cssSelectorsEnabled":true,"webStorageEnabled":false,"rotatable":false,"acceptSslCerts":false,"nativeEvents":true,"proxy":{"proxyType":"direct"}}
[INFO  - 2017-03-29T12:41:17.614Z] SessionManagerReqHand - _postNewSessionCommand - New Session Created: 00dc6200-147d-11e7-b121-550c7c25d257
[INFO  - 2017-03-29T12:46:15.504Z] SessionManagerReqHand - _cleanupWindowlessSessions - Asynchronous Sessions clean-up phase starting NOW
[INFO  - 2017-03-29T12:51:15.506Z] SessionManagerReqHand - _cleanupWindowlessSessions - Asynchronous Sessions clean-up phase starting NOW
[INFO  - 2017-03-29T12:56:15.539Z] SessionManagerReqHand - _cleanupWindowlessSessions - Asynchronous Sessions clean-up phase starting NOW
[INFO  - 2017-03-29T12:57:04.873Z] GhostDriver - Main - running on port 10779
[INFO  - 2017-03-29T12:57:05.496Z] Session [35d84ee0-147f-11e7-825e-d38dc19afc0c] - page.settings - {"XSSAuditingEnabled":false,"javascriptCanCloseWindows":true,"javascriptCanOpenWindows":true,"javascriptEnabled":true,"loadImages":true,"localToRemoteUrlAccessEnabled":false,"userAgent":"Mozilla/5.0 (Windows NT 6.1; WOW64) AppleWebKit/538.1 (KHTML, like Gecko) PhantomJS/2.1.1 Safari/538.1","webSecurityEnabled":true}
[INFO  - 2017-03-29T12:57:05.496Z] Session [35d84ee0-147f-11e7-825e-d38dc19afc0c] - page.customHeaders:  - {}
[INFO  - 2017-03-29T12:57:05.496Z] Session [35d84ee0-147f-11e7-825e-d38dc19afc0c] - Session.negotiatedCapabilities - {"browserName":"phantomjs","version":"2.1.1","driverName":"ghostdriver","driverVersion":"1.2.0","platform":"windows-7-32bit","javascriptEnabled":true,"takesScreenshot":true,"handlesAlerts":false,"databaseEnabled":false,"locationContextEnabled":false,"applicationCacheEnabled":false,"browserConnectionEnabled":false,"cssSelectorsEnabled":true,"webStorageEnabled":false,"rotatable":false,"acceptSslCerts":false,"nativeEvents":true,"proxy":{"proxyType":"direct"}}
[INFO  - 2017-03-29T12:57:05.497Z] SessionManagerReqHand - _postNewSessionCommand - New Session Created: 35d84ee0-147f-11e7-825e-d38dc19afc0c
